<?xml version="1.0" encoding="UTF-8"?>
<testsuite name="wordle.FrequencyComparatorTest" tests="3" skipped="0" failures="0" errors="0" timestamp="2022-01-16T16:10:56" hostname="Calders-MacBook-Pro.local" time="0.068">
  <properties/>
  <testcase name="orderByFrequency_multipleLetters_differentLength()" classname="wordle.FrequencyComparatorTest" time="0.065"/>
  <testcase name="orderByFrequency_oneLetter()" classname="wordle.FrequencyComparatorTest" time="0.0"/>
  <testcase name="orderByFrequency_multipleLetters_sameLength()" classname="wordle.FrequencyComparatorTest" time="0.001"/>
  <system-out><![CDATA[]]></system-out>
  <system-err><![CDATA[]]></system-err>
</testsuite>
